[debug] [2018-07-23T02:10:00.095Z] ----------------------------------------------------------------------
[debug] [2018-07-23T02:10:00.099Z] Command:       /Users/hongsendu/.nvm/versions/node/v10.7.0/bin/node /Users/hongsendu/.nvm/versions/node/v10.7.0/bin/firebase serve
[debug] [2018-07-23T02:10:00.099Z] CLI Version:   3.19.3
[debug] [2018-07-23T02:10:00.099Z] Platform:      darwin
[debug] [2018-07-23T02:10:00.099Z] Node Version:  v10.7.0
[debug] [2018-07-23T02:10:00.100Z] Time:          Sun Jul 22 2018 22:10:00 GMT-0400 (Eastern Daylight Time)
[debug] [2018-07-23T02:10:00.100Z] ----------------------------------------------------------------------
[debug] 
[debug] [2018-07-23T02:10:00.113Z] > command requires scopes: ["email","openid","https://www.googleapis.com/auth/cloudplatformprojects.readonly","https://www.googleapis.com/auth/firebase","https://www.googleapis.com/auth/cloud-platform"]
[debug] [2018-07-23T02:10:00.114Z] > authorizing via signed-in user
[debug] [2018-07-23T02:10:00.115Z] >>> HTTP REQUEST GET https://admin.firebase.com/v1/projects/shelterlinks-39c9a  
  
 Sun Jul 22 2018 22:10:00 GMT-0400 (Eastern Daylight Time)
[debug] [2018-07-23T02:10:00.495Z] <<< HTTP RESPONSE 200
[debug] [2018-07-23T02:10:00.496Z] >>> HTTP REQUEST GET https://admin.firebase.com/v1/database/shelterlinks-39c9a/tokens  
  
 Sun Jul 22 2018 22:10:00 GMT-0400 (Eastern Daylight Time)
[debug] [2018-07-23T02:10:00.797Z] <<< HTTP RESPONSE 200
[debug] [2018-07-23T02:10:00.798Z] >>> HTTP REQUEST GET https://cloudresourcemanager.googleapis.com/v1/projects/shelterlinks-39c9a  
  
 Sun Jul 22 2018 22:10:00 GMT-0400 (Eastern Daylight Time)
[debug] [2018-07-23T02:10:01.143Z] <<< HTTP RESPONSE 200
[info] 
[info] === Serving from '/Users/hongsendu/ShelterLinks'...
[info] 
[info] i  functions: Preparing to emulate functions.
[debug] [2018-07-23T02:10:03.421Z] Fetching environment
[debug] [2018-07-23T02:10:03.423Z] >>> HTTP REQUEST GET https://mobilesdk-pa.googleapis.com/v1/projects/138981597567:getServerAppConfig  
  
 Sun Jul 22 2018 22:10:03 GMT-0400 (Eastern Daylight Time)
[debug] [2018-07-23T02:10:03.424Z] >>> HTTP REQUEST GET https://mobilesdk-pa.googleapis.com/v1/projects/138981597567/clients/_:getWebAppConfig  
  
 Sun Jul 22 2018 22:10:03 GMT-0400 (Eastern Daylight Time)
[debug] [2018-07-23T02:10:03.715Z] <<< HTTP RESPONSE 200
[info] i  hosting: Serving hosting files from: public
[info] ✔  hosting: Local server: http://localhost:5000

[debug] [2018-07-23T02:10:03.789Z] <<< HTTP RESPONSE 200
[debug] [2018-07-23T02:10:03.793Z] Starting @google-cloud/functions-emulator
[debug] [2018-07-23T02:10:06.404Z] Parsing function triggers
[info] i  functions: No HTTPS functions found. Use firebase functions:shell if you would like to emulate other types of functions.
[debug] [2018-07-23T16:21:53.419Z] ----------------------------------------------------------------------
[debug] [2018-07-23T16:21:53.421Z] Command:       /Users/hongsendu/.nvm/versions/node/v10.7.0/bin/node /Users/hongsendu/.nvm/versions/node/v10.7.0/bin/firebase serve
[debug] [2018-07-23T16:21:53.421Z] CLI Version:   3.19.3
[debug] [2018-07-23T16:21:53.421Z] Platform:      darwin
[debug] [2018-07-23T16:21:53.421Z] Node Version:  v10.7.0
[debug] [2018-07-23T16:21:53.426Z] Time:          Mon Jul 23 2018 12:21:53 GMT-0400 (Eastern Daylight Time)
[debug] [2018-07-23T16:21:53.426Z] ----------------------------------------------------------------------
[debug] 
[debug] [2018-07-23T16:21:53.439Z] > command requires scopes: ["email","openid","https://www.googleapis.com/auth/cloudplatformprojects.readonly","https://www.googleapis.com/auth/firebase","https://www.googleapis.com/auth/cloud-platform"]
[debug] [2018-07-23T16:21:53.440Z] > authorizing via signed-in user
[debug] [2018-07-23T16:21:53.441Z] > refreshing access token with scopes: ["email","https://www.googleapis.com/auth/cloud-platform","https://www.googleapis.com/auth/cloudplatformprojects.readonly","https://www.googleapis.com/auth/firebase","openid"]
[debug] [2018-07-23T16:21:53.441Z] >>> HTTP REQUEST POST https://www.googleapis.com/oauth2/v3/token  
 { refresh_token:
   '1/k8gVXFAYybLeQ9QZ1sNJIyg9q6CVkMx1hHuxQ6mNiDAAFx7u6UXZ6LB-U_dWFDDB',
  client_id:
   '563584335869-fgrhgmd47bqnekij5i8b5pr03ho849e6.apps.googleusercontent.com',
  client_secret: 'j9iVZfS8kkCEFUPaAeJV0sAi',
  grant_type: 'refresh_token',
  scope:
   'email https://www.googleapis.com/auth/cloud-platform https://www.googleapis.com/auth/cloudplatformprojects.readonly https://www.googleapis.com/auth/firebase openid' } 
 Mon Jul 23 2018 12:21:53 GMT-0400 (Eastern Daylight Time)
[debug] [2018-07-23T16:21:53.648Z] <<< HTTP RESPONSE 200
[debug] [2018-07-23T16:21:53.881Z] >>> HTTP REQUEST GET https://admin.firebase.com/v1/projects/shelterlinks-39c9a  
  
 Mon Jul 23 2018 12:21:53 GMT-0400 (Eastern Daylight Time)
[debug] [2018-07-23T16:21:54.253Z] <<< HTTP RESPONSE 200
[debug] [2018-07-23T16:21:54.253Z] >>> HTTP REQUEST GET https://admin.firebase.com/v1/database/shelterlinks-39c9a/tokens  
  
 Mon Jul 23 2018 12:21:54 GMT-0400 (Eastern Daylight Time)
[debug] [2018-07-23T16:21:54.556Z] <<< HTTP RESPONSE 200
[debug] [2018-07-23T16:21:54.557Z] >>> HTTP REQUEST GET https://cloudresourcemanager.googleapis.com/v1/projects/shelterlinks-39c9a  
  
 Mon Jul 23 2018 12:21:54 GMT-0400 (Eastern Daylight Time)
[debug] [2018-07-23T16:21:54.990Z] <<< HTTP RESPONSE 200
[info] 
[info] === Serving from '/Users/hongsendu/ShelterLinks'...
[info] 
[info] i  functions: Preparing to emulate functions.
[debug] [2018-07-23T16:21:56.832Z] Fetching environment
[debug] [2018-07-23T16:21:56.834Z] >>> HTTP REQUEST GET https://mobilesdk-pa.googleapis.com/v1/projects/138981597567:getServerAppConfig  
  
 Mon Jul 23 2018 12:21:56 GMT-0400 (Eastern Daylight Time)
[debug] [2018-07-23T16:21:56.835Z] >>> HTTP REQUEST GET https://mobilesdk-pa.googleapis.com/v1/projects/138981597567/clients/_:getWebAppConfig  
  
 Mon Jul 23 2018 12:21:56 GMT-0400 (Eastern Daylight Time)
[debug] [2018-07-23T16:21:57.664Z] <<< HTTP RESPONSE 200
[debug] [2018-07-23T16:21:57.665Z] Starting @google-cloud/functions-emulator
[debug] [2018-07-23T16:21:57.799Z] <<< HTTP RESPONSE 200
[info] i  hosting: Serving hosting files from: public
[info] ✔  hosting: Local server: http://localhost:5000

[debug] [2018-07-23T16:21:59.319Z] Parsing function triggers
[info] i  functions: No HTTPS functions found. Use firebase functions:shell if you would like to emulate other types of functions.
[debug] [2018-07-23T17:04:04.413Z] ----------------------------------------------------------------------
[debug] [2018-07-23T17:04:04.415Z] Command:       /Users/hongsendu/.nvm/versions/node/v10.7.0/bin/node /Users/hongsendu/.nvm/versions/node/v10.7.0/bin/firebase serve
[debug] [2018-07-23T17:04:04.415Z] CLI Version:   3.19.3
[debug] [2018-07-23T17:04:04.415Z] Platform:      darwin
[debug] [2018-07-23T17:04:04.415Z] Node Version:  v10.7.0
[debug] [2018-07-23T17:04:04.420Z] Time:          Mon Jul 23 2018 13:04:04 GMT-0400 (Eastern Daylight Time)
[debug] [2018-07-23T17:04:04.421Z] ----------------------------------------------------------------------
[debug] 
[debug] [2018-07-23T17:04:04.432Z] > command requires scopes: ["email","openid","https://www.googleapis.com/auth/cloudplatformprojects.readonly","https://www.googleapis.com/auth/firebase","https://www.googleapis.com/auth/cloud-platform"]
[debug] [2018-07-23T17:04:04.432Z] > authorizing via signed-in user
[debug] [2018-07-23T17:04:04.434Z] >>> HTTP REQUEST GET https://admin.firebase.com/v1/projects/shelterlinks-39c9a  
  
 Mon Jul 23 2018 13:04:04 GMT-0400 (Eastern Daylight Time)
[debug] [2018-07-23T17:04:04.984Z] <<< HTTP RESPONSE 200
[debug] [2018-07-23T17:04:04.985Z] >>> HTTP REQUEST GET https://admin.firebase.com/v1/database/shelterlinks-39c9a/tokens  
  
 Mon Jul 23 2018 13:04:04 GMT-0400 (Eastern Daylight Time)
[debug] [2018-07-23T17:04:05.456Z] <<< HTTP RESPONSE 200
[debug] [2018-07-23T17:04:05.457Z] >>> HTTP REQUEST GET https://cloudresourcemanager.googleapis.com/v1/projects/shelterlinks-39c9a  
  
 Mon Jul 23 2018 13:04:05 GMT-0400 (Eastern Daylight Time)
[debug] [2018-07-23T17:04:05.753Z] <<< HTTP RESPONSE 200
[info] 
[info] === Serving from '/Users/hongsendu/ShelterLinks'...
[info] 
[info] i  functions: Preparing to emulate functions.
[debug] [2018-07-23T17:04:07.090Z] Fetching environment
[debug] [2018-07-23T17:04:07.092Z] >>> HTTP REQUEST GET https://mobilesdk-pa.googleapis.com/v1/projects/138981597567:getServerAppConfig  
  
 Mon Jul 23 2018 13:04:07 GMT-0400 (Eastern Daylight Time)
[debug] [2018-07-23T17:04:07.093Z] >>> HTTP REQUEST GET https://mobilesdk-pa.googleapis.com/v1/projects/138981597567/clients/_:getWebAppConfig  
  
 Mon Jul 23 2018 13:04:07 GMT-0400 (Eastern Daylight Time)
[debug] [2018-07-23T17:04:07.458Z] <<< HTTP RESPONSE 200
[info] i  hosting: Serving hosting files from: public
[info] ✔  hosting: Local server: http://localhost:5000

[debug] [2018-07-23T17:04:07.746Z] <<< HTTP RESPONSE 200
[debug] [2018-07-23T17:04:07.746Z] Starting @google-cloud/functions-emulator
[debug] [2018-07-23T17:04:09.350Z] Parsing function triggers
[info] i  functions: No HTTPS functions found. Use firebase functions:shell if you would like to emulate other types of functions.
