[debug] [2018-07-23T19:12:53.882Z] ----------------------------------------------------------------------
[debug] [2018-07-23T19:12:53.885Z] Command:       /Users/hongsendu/.nvm/versions/node/v10.7.0/bin/node /Users/hongsendu/.nvm/versions/node/v10.7.0/bin/firebase init
[debug] [2018-07-23T19:12:53.885Z] CLI Version:   3.19.3
[debug] [2018-07-23T19:12:53.885Z] Platform:      darwin
[debug] [2018-07-23T19:12:53.885Z] Node Version:  v10.7.0
[debug] [2018-07-23T19:12:53.885Z] Time:          Mon Jul 23 2018 15:12:53 GMT-0400 (Eastern Daylight Time)
[debug] [2018-07-23T19:12:53.886Z] ----------------------------------------------------------------------
[debug] 
[debug] [2018-07-23T19:12:53.893Z] > command requires scopes: ["email","openid","https://www.googleapis.com/auth/cloudplatformprojects.readonly","https://www.googleapis.com/auth/firebase"]
[debug] [2018-07-23T19:12:53.893Z] > authorizing via signed-in user
[info] 
     🔥🔥🔥🔥🔥🔥🔥🔥 🔥🔥🔥🔥 🔥🔥🔥🔥🔥🔥🔥🔥  🔥🔥🔥🔥🔥🔥🔥🔥 🔥🔥🔥🔥🔥🔥🔥🔥     🔥🔥🔥     🔥🔥🔥🔥🔥🔥  🔥🔥🔥🔥🔥🔥🔥🔥
     🔥🔥        🔥🔥  🔥🔥     🔥🔥 🔥🔥       🔥🔥     🔥🔥  🔥🔥   🔥🔥  🔥🔥       🔥🔥
     🔥🔥🔥🔥🔥🔥    🔥🔥  🔥🔥🔥🔥🔥🔥🔥🔥  🔥🔥🔥🔥🔥🔥   🔥🔥🔥🔥🔥🔥🔥🔥  🔥🔥🔥🔥🔥🔥🔥🔥🔥  🔥🔥🔥🔥🔥🔥  🔥🔥🔥🔥🔥🔥
     🔥🔥        🔥🔥  🔥🔥    🔥🔥  🔥🔥       🔥🔥     🔥🔥 🔥🔥     🔥🔥       🔥🔥 🔥🔥
     🔥🔥       🔥🔥🔥🔥 🔥🔥     🔥🔥 🔥🔥🔥🔥🔥🔥🔥🔥 🔥🔥🔥🔥🔥🔥🔥🔥  🔥🔥     🔥🔥  🔥🔥🔥🔥🔥🔥  🔥🔥🔥🔥🔥🔥🔥🔥

You're about to initialize a Firebase project in this directory:

  /Users/hongsendu

Before we get started, keep in mind:

  * You are initializing your home directory as a Firebase project

[info] 
=== Project Setup
[info] 
[info] First, let's associate this project directory with a Firebase project.
[info] You can create multiple project aliases by running firebase use --add, 
[info] but for now we'll just set up a default project.
[info] 
[debug] [2018-07-23T19:12:56.624Z] > refreshing access token with scopes: ["email","https://www.googleapis.com/auth/cloudplatformprojects.readonly","https://www.googleapis.com/auth/firebase","openid"]
[debug] [2018-07-23T19:12:56.624Z] >>> HTTP REQUEST POST https://www.googleapis.com/oauth2/v3/token  
 { refresh_token:
   '1/k8gVXFAYybLeQ9QZ1sNJIyg9q6CVkMx1hHuxQ6mNiDAAFx7u6UXZ6LB-U_dWFDDB',
  client_id:
   '563584335869-fgrhgmd47bqnekij5i8b5pr03ho849e6.apps.googleusercontent.com',
  client_secret: 'j9iVZfS8kkCEFUPaAeJV0sAi',
  grant_type: 'refresh_token',
  scope:
   'email https://www.googleapis.com/auth/cloudplatformprojects.readonly https://www.googleapis.com/auth/firebase openid' } 
 Mon Jul 23 2018 15:12:56 GMT-0400 (Eastern Daylight Time)
[debug] [2018-07-23T19:12:59.891Z] <<< HTTP RESPONSE 200
[debug] [2018-07-23T19:13:00.313Z] >>> HTTP REQUEST GET https://admin.firebase.com/v1/projects  
  
 Mon Jul 23 2018 15:13:00 GMT-0400 (Eastern Daylight Time)
[debug] [2018-07-23T19:13:03.566Z] <<< HTTP RESPONSE 200
[debug] [2018-07-23T19:13:51.283Z] TypeError: Cannot read property 'setRawMode' of null
    at ReadStream.setRawMode (tty.js:66:16)
    at Interface._setRawMode (readline.js:251:16)
    at Interface.close (readline.js:376:10)
    at ReadStream.ontermend (readline.js:164:10)
    at ReadStream.emit (events.js:187:15)
    at ReadStream.EventEmitter.emit (domain.js:442:20)
    at endReadableNT (_stream_readable.js:1081:12)
    at process._tickCallback (internal/process/next_tick.js:63:19)
